<?xml version="1.0" encoding="UTF-8"?>
<testsuite xmlns:xsi="http://www.w3.org/2001/XMLSchema-instance" xsi:noNamespaceSchemaLocation="https://maven.apache.org/surefire/maven-surefire-plugin/xsd/surefire-test-report.xsd" name="com.kafka.model.AppTest" time="0.015" tests="1" errors="0" skipped="0" failures="0">
  <properties>
    <property name="sun.desktop" value="windows"/>
    <property name="awt.toolkit" value="sun.awt.windows.WToolkit"/>
    <property name="file.encoding.pkg" value="sun.io"/>
    <property name="java.specification.version" value="1.8"/>
    <property name="sun.cpu.isalist" value="amd64"/>
    <property name="sun.jnu.encoding" value="Cp1252"/>
    <property name="java.class.path" value="C:\Users\srini\Desktop\ASHOKIT\21JRTP\testproj\model\target\test-classes;C:\Users\srini\Desktop\ASHOKIT\21JRTP\testproj\model\target\classes;C:\Users\srini\.m2\repository\junit\junit\3.8.1\junit-3.8.1.jar;C:\Users\srini\.m2\repository\com\fasterxml\jackson\core\jackson-annotations\2.9.0\jackson-annotations-2.9.0.jar;"/>
    <property name="java.vm.vendor" value="Oracle Corporation"/>
    <property name="sun.arch.data.model" value="64"/>
    <property name="user.variant" value=""/>
    <property name="java.vendor.url" value="http://java.oracle.com/"/>
    <property name="user.timezone" value="Asia/Calcutta"/>
    <property name="java.vm.specification.version" value="1.8"/>
    <property name="os.name" value="Windows 10"/>
    <property name="user.country" value="IN"/>
    <property name="sun.java.launcher" value="SUN_STANDARD"/>
    <property name="sun.boot.library.path" value="C:\Java8\jdk1.8.0_281\jre\bin"/>
    <property name="sun.java.command" value="C:\Users\srini\AppData\Local\Temp\surefire808779234399619971\surefirebooter4941765659734030296.jar C:\Users\srini\AppData\Local\Temp\surefire808779234399619971 2023-01-31T20-37-39_442-jvmRun1 surefire8802414579108484061tmp surefire_02784914396544908485tmp"/>
    <property name="surefire.test.class.path" value="C:\Users\srini\Desktop\ASHOKIT\21JRTP\testproj\model\target\test-classes;C:\Users\srini\Desktop\ASHOKIT\21JRTP\testproj\model\target\classes;C:\Users\srini\.m2\repository\junit\junit\3.8.1\junit-3.8.1.jar;C:\Users\srini\.m2\repository\com\fasterxml\jackson\core\jackson-annotations\2.9.0\jackson-annotations-2.9.0.jar;"/>
    <property name="sun.cpu.endian" value="little"/>
    <property name="user.home" value="C:\Users\srini"/>
    <property name="user.language" value="en"/>
    <property name="java.specification.vendor" value="Oracle Corporation"/>
    <property name="java.home" value="C:\Java8\jdk1.8.0_281\jre"/>
    <property name="basedir" value="C:\Users\srini\Desktop\ASHOKIT\21JRTP\testproj\model"/>
    <property name="file.separator" value="\"/>
    <property name="line.separator" value="&#10;"/>
    <property name="java.vm.specification.vendor" value="Oracle Corporation"/>
    <property name="java.specification.name" value="Java Platform API Specification"/>
    <property name="java.awt.graphicsenv" value="sun.awt.Win32GraphicsEnvironment"/>
    <property name="surefire.real.class.path" value="C:\Users\srini\AppData\Local\Temp\surefire808779234399619971\surefirebooter4941765659734030296.jar"/>
    <property name="sun.boot.class.path" value="C:\Java8\jdk1.8.0_281\jre\lib\resources.jar;C:\Java8\jdk1.8.0_281\jre\lib\rt.jar;C:\Java8\jdk1.8.0_281\jre\lib\sunrsasign.jar;C:\Java8\jdk1.8.0_281\jre\lib\jsse.jar;C:\Java8\jdk1.8.0_281\jre\lib\jce.jar;C:\Java8\jdk1.8.0_281\jre\lib\charsets.jar;C:\Java8\jdk1.8.0_281\jre\lib\jfr.jar;C:\Java8\jdk1.8.0_281\jre\classes"/>
    <property name="user.script" value=""/>
    <property name="sun.management.compiler" value="HotSpot 64-Bit Tiered Compilers"/>
    <property name="java.runtime.version" value="1.8.0_281-b09"/>
    <property name="user.name" value="srini"/>
    <property name="path.separator" value=";"/>
    <property name="os.version" value="10.0"/>
    <property name="java.endorsed.dirs" value="C:\Java8\jdk1.8.0_281\jre\lib\endorsed"/>
    <property name="java.runtime.name" value="Java(TM) SE Runtime Environment"/>
    <property name="file.encoding" value="Cp1252"/>
    <property name="java.vm.name" value="Java HotSpot(TM) 64-Bit Server VM"/>
    <property name="localRepository" value="C:\Users\srini\.m2\repository"/>
    <property name="java.vendor.url.bug" value="http://bugreport.sun.com/bugreport/"/>
    <property name="java.io.tmpdir" value="C:\Users\srini\AppData\Local\Temp\"/>
    <property name="java.version" value="1.8.0_281"/>
    <property name="user.dir" value="C:\Users\srini\Desktop\ASHOKIT\21JRTP\testproj\model"/>
    <property name="os.arch" value="amd64"/>
    <property name="java.vm.specification.name" value="Java Virtual Machine Specification"/>
    <property name="java.awt.printerjob" value="sun.awt.windows.WPrinterJob"/>
    <property name="sun.os.patch.level" value=""/>
    <property name="java.library.path" value="C:\Java8\jdk1.8.0_281\jre\bin;C:\Windows\Sun\Java\bin;C:\Windows\system32;C:\Windows;C:\ProgramData\Oracle\Java\javapath;C:\oraclexe\app\oracle\product\11.2.0\server\bin;C:\app\srini\product\21c\dbhomeXE\bin;C:\oraclexe\app\oracle\product\11.2.0\server\bin;C:\Program Files (x86)\Common Files\Oracle\Java\javapath;C:\Program Files\Common Files\Oracle\Java\javapath;C:\Windows\system32;C:\Windows;C:\Windows\System32\Wbem;C:\Windows\System32\WindowsPowerShell\v1.0\;C:\Windows\System32\OpenSSH\;C:\Java8\jdk1.8.0_281\\bin;C:\ProgramData\chocolatey\bin;C:\Program Files\nodejs\;C:\Users\srini\Downloads\apache-maven-3.8.6-bin\apache-maven-3.8.6\bin;C:\Program Files\Git\cmd;C:\Users\srini\Downloads\apache-zookeeper-3.6.3\apache-zookeeper-3.6.3\bin;C:\Program Files\Microsoft SQL Server\150\Tools\Binn\;D:\zookeeper-3.4.14\bin;C:\Users\srini\AppData\Local\Microsoft\WindowsApps;C:\Users\srini\AppData\Local\Programs\Microsoft VS Code\bin;C:\Users\srini\AppData\Roaming\npm;C:\Program Files\heroku\bin;C:\Users\srini\AppData\Local\GitHubDesktop\bin;D:\zookeeper\zookeeper\bin;;."/>
    <property name="java.vm.info" value="mixed mode"/>
    <property name="java.vendor" value="Oracle Corporation"/>
    <property name="java.vm.version" value="25.281-b09"/>
    <property name="java.ext.dirs" value="C:\Java8\jdk1.8.0_281\jre\lib\ext;C:\Windows\Sun\Java\lib\ext"/>
    <property name="sun.io.unicode.encoding" value="UnicodeLittle"/>
    <property name="java.class.version" value="52.0"/>
  </properties>
  <testcase name="testApp" classname="com.kafka.model.AppTest" time="0.006"/>
</testsuite>